<?xml version="1.0" encoding="UTF-8"?>
<testng-results skipped="0" failed="0" total="1" passed="1">
  <reporter-output>
  </reporter-output>
  <suite name="Default suite" duration-ms="19846" started-at="2018-06-09T12:49:47Z" finished-at="2018-06-09T12:50:07Z">
    <groups>
    </groups>
    <test name="Default test" duration-ms="19846" started-at="2018-06-09T12:49:47Z" finished-at="2018-06-09T12:50:07Z">
      <class name="SeleniumTestScript.Open_Task_Page">
        <test-method status="PASS" signature="Launch()[pri:0, instance:SeleniumTestScript.Open_Task_Page@1efbd816]" name="Launch" is-config="true" duration-ms="19721" started-at="2018-06-09T18:19:47Z" finished-at="2018-06-09T18:20:07Z">
          <reporter-output>
          </reporter-output>
        </test-method> <!-- Launch -->
        <test-method status="PASS" signature="openTaskTitle()[pri:0, instance:SeleniumTestScript.Open_Task_Page@1efbd816]" name="openTaskTitle" duration-ms="11" started-at="2018-06-09T18:20:07Z" finished-at="2018-06-09T18:20:07Z">
          <reporter-output>
          </reporter-output>
        </test-method> <!-- openTaskTitle -->
        <test-method status="PASS" signature="Login()[pri:0, instance:SeleniumTestScript.Open_Task_Page@1efbd816]" name="Login" is-config="true" duration-ms="0" started-at="2018-06-09T18:20:07Z" finished-at="2018-06-09T18:20:07Z">
          <reporter-output>
          </reporter-output>
        </test-method> <!-- Login -->
        <test-method status="PASS" signature="Logout()[pri:0, instance:SeleniumTestScript.Open_Task_Page@1efbd816]" name="Logout" is-config="true" duration-ms="1" started-at="2018-06-09T18:20:07Z" finished-at="2018-06-09T18:20:07Z">
          <reporter-output>
          </reporter-output>
        </test-method> <!-- Logout -->
        <test-method status="PASS" signature="Quit()[pri:0, instance:SeleniumTestScript.Open_Task_Page@1efbd816]" name="Quit" is-config="true" duration-ms="0" started-at="2018-06-09T18:20:07Z" finished-at="2018-06-09T18:20:07Z">
          <reporter-output>
          </reporter-output>
        </test-method> <!-- Quit -->
      </class> <!-- SeleniumTestScript.Open_Task_Page -->
    </test> <!-- Default test -->
  </suite> <!-- Default suite -->
</testng-results>
